<?xml version="1.0" encoding="UTF-8"?>
<testng-results ignored="0" total="1" passed="1" failed="0" skipped="0">
  <reporter-output>
  </reporter-output>
  <suite started-at="2024-06-13T20:32:29 IST" name="Default suite" finished-at="2024-06-13T20:32:29 IST" duration-ms="57">
    <groups>
    </groups>
    <test started-at="2024-06-13T20:32:29 IST" name="Default test" finished-at="2024-06-13T20:32:29 IST" duration-ms="57">
      <class name="org.demo.maventest.DemoTest">
        <test-method signature="test()[pri:0, instance:org.demo.maventest.DemoTest@235ecd9f]" started-at="2024-06-13T20:32:29 IST" name="test" finished-at="2024-06-13T20:32:29 IST" duration-ms="6" status="PASS">
          <reporter-output>
          </reporter-output>
        </test-method> <!-- test -->
      </class> <!-- org.demo.maventest.DemoTest -->
    </test> <!-- Default test -->
  </suite> <!-- Default suite -->
</testng-results>
