<?xml version="1.0" encoding="UTF-8"?>
<testng-results ignored="0" total="1" passed="1" failed="0" skipped="0">
  <reporter-output>
  </reporter-output>
  <suite started-at="2025-01-21T20:41:26 IST" name="Default suite" finished-at="2025-01-21T20:41:26 IST" duration-ms="106">
    <groups>
    </groups>
    <test started-at="2025-01-21T20:41:26 IST" name="Default test" finished-at="2025-01-21T20:41:26 IST" duration-ms="106">
      <class name="org.demo.maventest.DemoTest">
        <test-method signature="test()[pri:0, instance:org.demo.maventest.DemoTest@2af004b]" started-at="2025-01-21T20:41:26 IST" name="test" finished-at="2025-01-21T20:41:26 IST" duration-ms="10" status="PASS">
          <reporter-output>
          </reporter-output>
        </test-method> <!-- test -->
      </class> <!-- org.demo.maventest.DemoTest -->
    </test> <!-- Default test -->
  </suite> <!-- Default suite -->
</testng-results>
