<?xml version="1.0" encoding="UTF-8"?>
<!-- Generated by org.testng.reporters.JUnitXMLReporter -->
<testsuite ignored="0" hostname="LAPTOP-1TF6SCUN" failures="0" tests="3" name="Test1" time="0.023" errors="0" timestamp="2025-01-30T11:43:38 IST">
  <testcase classname="DemoTest.TestNGDemo.DataProviderDemo" name="login" time="0.002"/>
  <testcase classname="DemoTest.TestNGDemo.DataProviderDemo" name="login" time="0.002"/>
  <testcase classname="DemoTest.TestNGDemo.DataProviderDemo" name="login" time="0.002"/>
</testsuite> <!-- Test1 -->
