<?xml version="1.0" encoding="UTF-8"?>
<testng-results ignored="0" total="1" passed="1" failed="0" skipped="0">
  <reporter-output>
  </reporter-output>
  <suite started-at="2024-06-24T15:19:45 IST" name="Default suite" finished-at="2024-06-24T15:19:45 IST" duration-ms="65">
    <groups>
    </groups>
    <test started-at="2024-06-24T15:19:45 IST" name="Default test" finished-at="2024-06-24T15:19:45 IST" duration-ms="65">
      <class name="SysPropVarDemo.SysPropVar.SysVarDemo">
        <test-method signature="getName()[pri:0, instance:SysPropVarDemo.SysPropVar.SysVarDemo@74ea2410]" started-at="2024-06-24T15:19:45 IST" name="getName" finished-at="2024-06-24T15:19:45 IST" duration-ms="9" status="PASS">
          <reporter-output>
          </reporter-output>
        </test-method> <!-- getName -->
      </class> <!-- SysPropVarDemo.SysPropVar.SysVarDemo -->
    </test> <!-- Default test -->
  </suite> <!-- Default suite -->
</testng-results>
