<?xml version="1.0" encoding="UTF-8"?>
<!-- Generated by org.testng.reporters.JUnitReportReporter -->
<testsuite hostname="LAPTOP-1TF6SCUN" failures="0" tests="3" name="DemoTest.TestNGDemo.DataProviderDemo" time="0.006" errors="0" timestamp="2025-01-30T11:43:38 IST" skipped="0">
  <testcase classname="DemoTest.TestNGDemo.DataProviderDemo" name="login" time="0.002"/>
  <testcase classname="DemoTest.TestNGDemo.DataProviderDemo" name="login" time="0.002"/>
  <testcase classname="DemoTest.TestNGDemo.DataProviderDemo" name="login" time="0.002"/>
</testsuite> <!-- DemoTest.TestNGDemo.DataProviderDemo -->
