<?xml version="1.0" encoding="UTF-8"?>
<!-- Generated by org.testng.reporters.JUnitReportReporter -->
<testsuite hostname="LAPTOP-1TF6SCUN" failures="0" tests="2" name="DemoTest.TestNGDemo.BrowserLaunch" time="15.578" errors="0" timestamp="2025-01-31T16:55:14 IST" skipped="0">
  <testcase classname="DemoTest.TestNGDemo.BrowserLaunch" name="chromeTest" time="5.854"/>
  <testcase classname="DemoTest.TestNGDemo.BrowserLaunch" name="firefoxTest" time="9.724"/>
</testsuite> <!-- DemoTest.TestNGDemo.BrowserLaunch -->
