<?xml version="1.0" encoding="UTF-8"?>
<testng-results ignored="0" total="1" passed="1" failed="0" skipped="0">
  <reporter-output>
  </reporter-output>
  <suite started-at="2024-06-20T10:27:08Z" name="Surefire suite" finished-at="2024-06-20T10:27:08Z" duration-ms="18">
    <groups>
    </groups>
    <test started-at="2024-06-20T10:27:08Z" name="Surefire test" finished-at="2024-06-20T10:27:08Z" duration-ms="18">
      <class name="TestNGDemo.SampleTest.NewTest">
        <test-method signature="testing()[pri:0, instance:TestNGDemo.SampleTest.NewTest@345965f2]" started-at="2024-06-20T15:57:08Z" name="testing" finished-at="2024-06-20T15:57:08Z" duration-ms="6" status="PASS">
          <reporter-output>
          </reporter-output>
        </test-method> <!-- testing -->
      </class> <!-- TestNGDemo.SampleTest.NewTest -->
    </test> <!-- Surefire test -->
  </suite> <!-- Surefire suite -->
</testng-results>
