<?xml version="1.0" encoding="UTF-8"?>
<testng-results ignored="0" total="1" passed="1" failed="0" skipped="0">
  <reporter-output>
  </reporter-output>
  <suite started-at="2024-06-24T14:25:26 IST" name="Suite" finished-at="2024-06-24T14:25:27 IST" duration-ms="1061">
    <groups>
      <group name="cucumber">
        <method signature="AbstractTestNGCucumberTests.runScenario(io.cucumber.testng.PickleWrapper,io.cucumber.testng.FeatureWrapper)[pri:0, instance:runner.RunCucumber@13c9d689]" name="runScenario" class="io.cucumber.testng.AbstractTestNGCucumberTests"/>
      </group> <!-- cucumber -->
    </groups>
    <test started-at="2024-06-24T14:25:26 IST" name="Test" finished-at="2024-06-24T14:25:27 IST" duration-ms="1061">
      <class name="runner.RunCucumber">
        <test-method is-config="true" signature="setUpClass(org.testng.ITestContext)[pri:0, instance:runner.RunCucumber@13c9d689]" started-at="2024-06-24T14:25:26 IST" name="setUpClass" finished-at="2024-06-24T14:25:26 IST" duration-ms="759" status="PASS">
          <params>
            <param index="0">
              <value>
                <![CDATA[org.testng.TestRunner@26fb628]]>
              </value>
            </param>
          </params>
          <reporter-output>
          </reporter-output>
        </test-method> <!-- setUpClass -->
        <test-method signature="runScenario(io.cucumber.testng.PickleWrapper,io.cucumber.testng.FeatureWrapper)[pri:0, instance:runner.RunCucumber@13c9d689]" started-at="2024-06-24T14:25:26 IST" name="runScenario" description="Runs Cucumber Scenarios" data-provider="scenarios" finished-at="2024-06-24T14:25:27 IST" duration-ms="158" status="PASS">
          <params>
            <param index="0">
              <value>
                <![CDATA["To check TestNG Cucumber Integrration"]]>
              </value>
            </param>
            <param index="1">
              <value>
                <![CDATA["Testing TestNG Cucumber Integration"]]>
              </value>
            </param>
          </params>
          <reporter-output>
          </reporter-output>
        </test-method> <!-- runScenario -->
        <test-method is-config="true" signature="tearDownClass()[pri:0, instance:runner.RunCucumber@13c9d689]" started-at="2024-06-24T14:25:27 IST" name="tearDownClass" finished-at="2024-06-24T14:25:27 IST" duration-ms="72" status="PASS">
          <reporter-output>
          </reporter-output>
        </test-method> <!-- tearDownClass -->
      </class> <!-- runner.RunCucumber -->
    </test> <!-- Test -->
  </suite> <!-- Suite -->
</testng-results>
