<?xml version="1.0" encoding="UTF-8"?>
<testng-results ignored="0" total="2" passed="2" failed="0" skipped="0">
  <reporter-output>
  </reporter-output>
  <suite started-at="2024-06-21T04:58:23Z" name="Suite" finished-at="2024-06-21T04:58:23Z" duration-ms="46">
    <groups>
    </groups>
    <test started-at="2024-06-21T04:58:23Z" name="Test" finished-at="2024-06-21T04:58:23Z" duration-ms="46">
      <class name="DemoTest.TestNGDemo.Demo">
        <test-method signature="testSample()[pri:0, instance:DemoTest.TestNGDemo.Demo@19932c16]" started-at="2024-06-21T10:28:23Z" name="testSample" finished-at="2024-06-21T10:28:23Z" duration-ms="16" status="PASS">
          <reporter-output>
          </reporter-output>
        </test-method> <!-- testSample -->
      </class> <!-- DemoTest.TestNGDemo.Demo -->
      <class name="DemoTest.TestNGDemo.DemoTest">
        <test-method signature="withoutTest()[pri:0, instance:DemoTest.TestNGDemo.DemoTest@302c971f]" started-at="2024-06-21T10:28:23Z" name="withoutTest" finished-at="2024-06-21T10:28:23Z" duration-ms="1" status="PASS">
          <reporter-output>
          </reporter-output>
        </test-method> <!-- withoutTest -->
      </class> <!-- DemoTest.TestNGDemo.DemoTest -->
    </test> <!-- Test -->
  </suite> <!-- Suite -->
</testng-results>
