<?xml version="1.0" encoding="UTF-8"?>
<testng-results ignored="0" total="1" passed="1" failed="0" skipped="0">
  <reporter-output>
  </reporter-output>
  <suite started-at="2024-06-20T09:57:37Z" name="Surefire suite" finished-at="2024-06-20T09:57:37Z" duration-ms="20">
    <groups>
    </groups>
    <test started-at="2024-06-20T09:57:37Z" name="Surefire test" finished-at="2024-06-20T09:57:37Z" duration-ms="20">
      <class name="org.demo.maventest.DemoTest">
        <test-method signature="test()[pri:0, instance:org.demo.maventest.DemoTest@345965f2]" started-at="2024-06-20T15:27:37Z" name="test" finished-at="2024-06-20T15:27:37Z" duration-ms="7" status="PASS">
          <reporter-output>
          </reporter-output>
        </test-method> <!-- test -->
      </class> <!-- org.demo.maventest.DemoTest -->
    </test> <!-- Surefire test -->
  </suite> <!-- Surefire suite -->
</testng-results>
