<?xml version="1.0" encoding="UTF-8"?>
<testng-results ignored="0" total="2" passed="2" failed="0" skipped="0">
  <reporter-output>
  </reporter-output>
  <suite started-at="2025-01-08T07:21:03Z" name="Command line suite" finished-at="2025-01-08T07:21:14Z" duration-ms="11025">
    <groups>
    </groups>
    <test started-at="2025-01-08T07:21:03Z" name="Command line test" finished-at="2025-01-08T07:21:14Z" duration-ms="11025">
      <class name="org.demo.maventest.BrowserLaunchTest">
        <test-method is-config="true" signature="launchBrowser()[pri:0, instance:org.demo.maventest.BrowserLaunchTest@59fd97a8]" started-at="2025-01-08T12:51:03Z" name="launchBrowser" finished-at="2025-01-08T12:51:08Z" duration-ms="5382" status="PASS">
          <reporter-output>
          </reporter-output>
        </test-method> <!-- launchBrowser -->
        <test-method signature="launchGmail()[pri:0, instance:org.demo.maventest.BrowserLaunchTest@59fd97a8]" started-at="2025-01-08T12:51:08Z" name="launchGmail" finished-at="2025-01-08T12:51:14Z" duration-ms="5195" status="PASS">
          <reporter-output>
          </reporter-output>
        </test-method> <!-- launchGmail -->
        <test-method is-config="true" signature="tearDown()[pri:0, instance:org.demo.maventest.BrowserLaunchTest@59fd97a8]" started-at="2025-01-08T12:51:14Z" name="tearDown" finished-at="2025-01-08T12:51:14Z" duration-ms="424" status="PASS">
          <reporter-output>
          </reporter-output>
        </test-method> <!-- tearDown -->
      </class> <!-- org.demo.maventest.BrowserLaunchTest -->
      <class name="org.demo.maventest.DemoTest">
        <test-method signature="test()[pri:0, instance:org.demo.maventest.DemoTest@f5ac9e4]" started-at="2025-01-08T12:51:14Z" name="test" finished-at="2025-01-08T12:51:14Z" duration-ms="2" status="PASS">
          <reporter-output>
          </reporter-output>
        </test-method> <!-- test -->
      </class> <!-- org.demo.maventest.DemoTest -->
    </test> <!-- Command line test -->
  </suite> <!-- Command line suite -->
</testng-results>
