<?xml version="1.0" encoding="UTF-8"?>
<testng-results ignored="0" total="1" passed="1" failed="0" skipped="0">
  <reporter-output>
  </reporter-output>
  <suite started-at="2024-06-24T16:09:42 IST" name="Surefire suite" finished-at="2024-06-24T16:09:43 IST" duration-ms="56">
    <groups>
    </groups>
    <test started-at="2024-06-24T16:09:42 IST" name="Surefire test" finished-at="2024-06-24T16:09:43 IST" duration-ms="56">
      <class name="SysPropVarDemo.SysPropVar.SysVarDemoTest">
        <test-method signature="getName()[pri:0, instance:SysPropVarDemo.SysPropVar.SysVarDemoTest@1534f01b]" started-at="2024-06-24T16:09:43 IST" name="getName" finished-at="2024-06-24T16:09:43 IST" duration-ms="15" status="PASS">
          <reporter-output>
          </reporter-output>
        </test-method> <!-- getName -->
      </class> <!-- SysPropVarDemo.SysPropVar.SysVarDemoTest -->
    </test> <!-- Surefire test -->
  </suite> <!-- Surefire suite -->
</testng-results>
