<?xml version="1.0" encoding="UTF-8"?>
<testng-results ignored="0" total="1" passed="1" failed="0" skipped="0">
  <reporter-output>
  </reporter-output>
  <suite started-at="2025-02-04T00:18:46 IST" name="Suite" finished-at="2025-02-04T00:18:46 IST" duration-ms="64">
    <groups>
    </groups>
    <test started-at="2025-02-04T00:18:46 IST" name="Test" finished-at="2025-02-04T00:18:46 IST" duration-ms="64">
      <class name="DemoTest.TestNGDemo.ListenerDemo">
        <test-method signature="demolistener()[pri:0, instance:DemoTest.TestNGDemo.ListenerDemo@292b08d6]" started-at="2025-02-04T00:18:46 IST" name="demolistener" finished-at="2025-02-04T00:18:46 IST" duration-ms="12" status="PASS">
          <reporter-output>
          </reporter-output>
        </test-method> <!-- demolistener -->
      </class> <!-- DemoTest.TestNGDemo.ListenerDemo -->
    </test> <!-- Test -->
  </suite> <!-- Suite -->
</testng-results>
