<?xml version="1.0" encoding="UTF-8"?>
<!-- Generated by org.testng.reporters.JUnitXMLReporter -->
<testsuite ignored="0" hostname="LAPTOP-1TF6SCUN" failures="0" tests="3" name="Surefire test" time="8.298" errors="0" timestamp="2025-02-04T01:00:43 IST">
  <testcase classname="org.demo.maventest.BrowserLaunchTest" name="launchGmail" time="4.036"/>
  <testcase classname="org.demo.maventest.DemoTest" name="test" time="0.001"/>
  <testcase classname="org.demo.maventest.Factorial" name="factorial" time="0.002"/>
</testsuite> <!-- Surefire test -->
